# TLS secrets log file, generated by OpenSSL / Python
SERVER_HANDSHAKE_TRAFFIC_SECRET 8d253b289bf9746f63f1dea3346e8c5da5daed2f9626adea274cffbfea1178ff a84290f4affd373749e92bd4da17a095a815e44f461154b186d44de02b54dec18d61ff8a865251e7a21f0859638497c7
EXPORTER_SECRET 8d253b289bf9746f63f1dea3346e8c5da5daed2f9626adea274cffbfea1178ff 0eebbfb801af092978c2960a8a7b0134f4809344648053e487b15ff618e78b94279448c1fa0cd059271cf32ce884692a
SERVER_TRAFFIC_SECRET_0 8d253b289bf9746f63f1dea3346e8c5da5daed2f9626adea274cffbfea1178ff 8cf2527a28110123fad1add8e29a3a3817ac141a2bc20b26ce780c02dd6411bdb51b79b499447fa49aa0f37adc1ec2fb
CLIENT_HANDSHAKE_TRAFFIC_SECRET 8d253b289bf9746f63f1dea3346e8c5da5daed2f9626adea274cffbfea1178ff afd0bb397b8f6127b04d777e96af79aec46d2a66c84f0001797c9eb5d71f12dbc79cf7076e41f9e070bb33716382791e
CLIENT_TRAFFIC_SECRET_0 8d253b289bf9746f63f1dea3346e8c5da5daed2f9626adea274cffbfea1178ff 89e42d001a78b240b8285c9f5ab9d1187e260419873f3a359eb7de1eaf7380b2123cc2dabb46f9cfbaa53ef824dff242
SERVER_HANDSHAKE_TRAFFIC_SECRET 97e1eca6c743883d05128fba3f6d3f1a879daef1807674abe9a145647025f3bd 35c85fdbe177e2d06a5eb168e795b97bbcd5f85c7c4e9d30032c3d3220dc7b822f02c208da6193c5989f5d5acd78cd4d
EXPORTER_SECRET 97e1eca6c743883d05128fba3f6d3f1a879daef1807674abe9a145647025f3bd c8b156f061aa7a2725e7faf659caf0ca8fd28f392cbc5dc1c2c7668791818063410a6cf0f46d03efa8cdbbf72bdce51f
SERVER_TRAFFIC_SECRET_0 97e1eca6c743883d05128fba3f6d3f1a879daef1807674abe9a145647025f3bd 2dcea297183ba30f5cdef519f90f2115d2fc26ccf04c2abd6b90b79a43dd7c5dbbec09f5502b9edc59c69b0274ffa598
CLIENT_HANDSHAKE_TRAFFIC_SECRET 97e1eca6c743883d05128fba3f6d3f1a879daef1807674abe9a145647025f3bd a59eaade6e87ac268f31c5b038698cbe6645187c0d0924eb9bb49579d5ef6fb814958ff6f30c82bcb3926d0a562e9f07
CLIENT_TRAFFIC_SECRET_0 97e1eca6c743883d05128fba3f6d3f1a879daef1807674abe9a145647025f3bd dbd09a59a36db87516c83db9baf87679bc13b0decdfd17983d5d95fd4e31dea9d34a39bfbea9f2212680f373dafe6544
SERVER_HANDSHAKE_TRAFFIC_SECRET 46d53e8c155d268afab9380609e703f9bce544fbe10c0dbc59f5a4b092389dd7 c99c74ea102fa58dfbd643a4b539fecde863b9abb76964ae6fc47a3990d92916dc3f8c792861b179aea16545849a164e
EXPORTER_SECRET 46d53e8c155d268afab9380609e703f9bce544fbe10c0dbc59f5a4b092389dd7 709a1ad90ab4a7499d8399af50e6e58e29bad8990af50de28085b5dc61112ba4eafa8201306a240ba0eeed64dd95c472
SERVER_TRAFFIC_SECRET_0 46d53e8c155d268afab9380609e703f9bce544fbe10c0dbc59f5a4b092389dd7 e8eb52b88d00300b81e4f68bfd0f1ee10f8e1dca8040a5b40d09e75797f83bc533cae8983ad1375385e2da741b40bdb0
CLIENT_HANDSHAKE_TRAFFIC_SECRET 46d53e8c155d268afab9380609e703f9bce544fbe10c0dbc59f5a4b092389dd7 135350fc245e78888c558b729b09add1020da0f3d5d4f5a7c3c51f1befc535b1d0059a71ca8d2eae581f41dfac7518f8
CLIENT_TRAFFIC_SECRET_0 46d53e8c155d268afab9380609e703f9bce544fbe10c0dbc59f5a4b092389dd7 32ca2a0f63a49300306a0da2c3e90831d25a5d579161dbf6da20dfa1a5914af324cc52e8aae57291a8b0831214f9b5ac
SERVER_HANDSHAKE_TRAFFIC_SECRET 921d1d28b55fb6a1b246d9522e7bb529d2e4b9308813988f79fe64ec9656958b f810b27607eae1ff44337b78e8699915113a1c1aad99e89256f5e57b12cbe80fc18c98ce0668cbe7023da819f16e16ac
EXPORTER_SECRET 921d1d28b55fb6a1b246d9522e7bb529d2e4b9308813988f79fe64ec9656958b f6cbb8688e2e7b6a18e4c65907e11d734e5adc810cdd2638b75595cc9d389159dc030e2f049476d665370455c3cbcf5d
SERVER_TRAFFIC_SECRET_0 921d1d28b55fb6a1b246d9522e7bb529d2e4b9308813988f79fe64ec9656958b f5eb3970c5188b61e600fd2fd6ae703cbb2ead970efe90c684156233736b6168d2e885d46d07ca0b47a764ed234fbe1c
CLIENT_HANDSHAKE_TRAFFIC_SECRET 921d1d28b55fb6a1b246d9522e7bb529d2e4b9308813988f79fe64ec9656958b 06e12c6dbca12f93e2bc4eb99f5cf0055f362529b0740fa1bcac401112f38ca291eaf3ebd44321674174901706019eed
CLIENT_TRAFFIC_SECRET_0 921d1d28b55fb6a1b246d9522e7bb529d2e4b9308813988f79fe64ec9656958b 1a10e820a75a1585ebe9f3675da3d3fcec8532e46ec9c7328d34d93b8e8de1ff51451eb5950f38ab634565c13a5b9fc6
